mode: set
AuthService/cmd/app/main.go:9.13,13.16 3 0
AuthService/cmd/app/main.go:13.16,15.3 1 0
AuthService/cmd/app/main.go:17.2,18.16 2 0
AuthService/cmd/app/main.go:18.16,20.3 1 0
AuthService/internal/api/auth_server_impl.go:15.95,19.2 1 0
AuthService/internal/api/auth_server_impl.go:21.140,23.2 1 0
AuthService/internal/api/auth_server_impl.go:25.113,27.2 1 0
AuthService/internal/api/auth_server_impl.go:29.119,31.2 1 0
AuthService/internal/api/auth_server_impl.go:33.152,35.2 1 0
AuthService/internal/api/auth_server_impl.go:37.113,39.2 1 0
AuthService/internal/config/config.go:3.30,10.2 1 0
AuthService/internal/config/gorm.go:24.29,31.16 7 0
AuthService/internal/config/gorm.go:31.16,32.52 1 0
AuthService/internal/config/gorm.go:34.2,35.16 2 0
AuthService/internal/config/gorm.go:35.16,36.51 1 0
AuthService/internal/config/gorm.go:38.2,39.16 2 0
AuthService/internal/config/gorm.go:39.16,40.50 1 0
AuthService/internal/config/gorm.go:42.2,45.16 3 0
AuthService/internal/config/gorm.go:45.16,48.3 2 0
AuthService/internal/config/gorm.go:50.2,51.16 2 0
AuthService/internal/config/gorm.go:51.16,54.3 2 0
AuthService/internal/config/gorm.go:56.2,60.11 4 0
AuthService/internal/config/grpc.go:23.41,25.2 1 0
AuthService/internal/config/grpc.go:27.42,29.20 2 0
AuthService/internal/config/grpc.go:29.20,31.3 1 0
AuthService/internal/config/grpc.go:33.2,34.20 2 0
AuthService/internal/config/grpc.go:34.20,36.3 1 0
AuthService/internal/config/grpc.go:38.2,38.49 1 0
AuthService/internal/convertor/credentials.go:8.81,14.2 1 0
AuthService/internal/convertor/credentials.go:16.81,22.2 1 0
AuthService/internal/convertor/token.go:8.57,17.2 1 0
AuthService/internal/convertor/token.go:19.57,28.2 1 0
AuthService/internal/app/app.go:24.48,28.16 3 0
AuthService/internal/app/app.go:28.16,30.3 1 0
AuthService/internal/app/app.go:32.2,32.15 1 0
AuthService/internal/app/app.go:35.51,42.26 2 0
AuthService/internal/app/app.go:42.26,44.17 2 0
AuthService/internal/app/app.go:44.17,46.4 1 0
AuthService/internal/app/app.go:49.2,49.12 1 0
AuthService/internal/app/app.go:52.27,54.2 1 0
AuthService/internal/app/app.go:56.51,58.16 2 0
AuthService/internal/app/app.go:58.16,60.3 1 0
AuthService/internal/app/app.go:62.2,62.12 1 0
AuthService/internal/app/app.go:65.60,68.2 2 0
AuthService/internal/app/app.go:70.49,80.2 5 0
AuthService/internal/app/app.go:82.31,87.16 4 0
AuthService/internal/app/app.go:87.16,89.3 1 0
AuthService/internal/app/app.go:91.2,92.16 2 0
AuthService/internal/app/app.go:92.16,94.3 1 0
AuthService/internal/app/app.go:96.2,96.12 1 0
AuthService/internal/app/service_provider.go:31.44,33.2 1 0
AuthService/internal/app/service_provider.go:35.58,36.25 1 0
AuthService/internal/app/service_provider.go:36.25,38.17 2 0
AuthService/internal/app/service_provider.go:38.17,40.4 1 0
AuthService/internal/app/service_provider.go:42.3,42.21 1 0
AuthService/internal/app/service_provider.go:45.2,45.21 1 0
AuthService/internal/app/service_provider.go:48.85,49.36 1 0
AuthService/internal/app/service_provider.go:49.36,51.3 1 0
AuthService/internal/app/service_provider.go:53.2,53.32 1 0
AuthService/internal/app/service_provider.go:56.76,57.33 1 0
AuthService/internal/app/service_provider.go:57.33,59.3 1 0
AuthService/internal/app/service_provider.go:61.2,61.29 1 0
AuthService/internal/app/service_provider.go:64.76,65.33 1 0
AuthService/internal/app/service_provider.go:65.33,67.3 1 0
AuthService/internal/app/service_provider.go:69.2,69.29 1 0
AuthService/internal/app/service_provider.go:72.66,73.28 1 0
AuthService/internal/app/service_provider.go:73.28,75.3 1 0
AuthService/internal/app/service_provider.go:77.2,77.24 1 0
AuthService/internal/app/service_provider.go:80.45,81.21 1 0
AuthService/internal/app/service_provider.go:81.21,83.3 1 0
AuthService/internal/app/service_provider.go:85.2,85.17 1 0
AuthService/internal/app/service_provider.go:88.73,89.29 1 0
AuthService/internal/app/service_provider.go:89.29,91.3 1 0
AuthService/internal/app/service_provider.go:93.2,93.25 1 0
AuthService/internal/app/service_provider.go:96.75,97.31 1 0
AuthService/internal/app/service_provider.go:97.31,99.3 1 0
AuthService/internal/app/service_provider.go:101.2,101.27 1 0
AuthService/internal/dto/credentials_dto.go:11.42,13.2 1 0
AuthService/internal/dto/credentials_dto.go:15.66,21.2 1 0
AuthService/internal/dto/tokens_dto.go:16.38,18.2 1 0
AuthService/internal/repository/credentials_repository.go:13.56,15.2 1 0
AuthService/internal/repository/credentials_repository.go:17.92,21.2 3 0
AuthService/internal/repository/credentials_repository.go:23.103,25.2 1 0
AuthService/internal/repository/repository.go:9.68,11.2 1 0
AuthService/internal/repository/repository.go:13.59,15.2 1 0
AuthService/internal/repository/repository.go:17.59,19.2 1 0
AuthService/internal/repository/repository.go:21.59,23.2 1 0
AuthService/internal/repository/repository.go:25.74,29.2 3 0
AuthService/internal/repository/tokens_repository.go:13.46,15.2 1 0
AuthService/internal/repository/tokens_repository.go:17.93,19.2 1 0
AuthService/internal/repository/tokens_repository.go:21.96,23.2 1 0
AuthService/internal/repository/tokens_repository.go:25.77,27.2 1 0
AuthService/internal/usecase/credentials_usecase.go:16.90,21.2 1 0
AuthService/internal/usecase/credentials_usecase.go:23.107,25.16 2 0
AuthService/internal/usecase/credentials_usecase.go:25.16,27.3 1 0
AuthService/internal/usecase/credentials_usecase.go:28.2,29.16 2 0
AuthService/internal/usecase/credentials_usecase.go:29.16,31.3 1 0
AuthService/internal/usecase/credentials_usecase.go:33.2,33.56 1 0
AuthService/internal/usecase/credentials_usecase.go:33.56,35.3 1 0
AuthService/internal/usecase/credentials_usecase.go:37.2,37.30 1 0
AuthService/internal/usecase/credentials_usecase.go:40.135,42.16 2 0
AuthService/internal/usecase/credentials_usecase.go:42.16,44.3 1 0
AuthService/internal/usecase/credentials_usecase.go:46.2,47.16 2 0
AuthService/internal/usecase/credentials_usecase.go:47.16,49.3 1 0
AuthService/internal/usecase/credentials_usecase.go:51.2,51.19 1 0
AuthService/internal/usecase/credentials_usecase.go:51.19,53.3 1 0
AuthService/internal/usecase/credentials_usecase.go:55.2,55.82 1 0
AuthService/internal/usecase/credentials_usecase.go:55.82,57.3 1 0
AuthService/internal/usecase/credentials_usecase.go:59.2,60.16 2 0
AuthService/internal/usecase/credentials_usecase.go:60.16,62.3 1 0
AuthService/internal/usecase/credentials_usecase.go:64.2,65.16 2 0
AuthService/internal/usecase/credentials_usecase.go:65.16,67.3 1 0
AuthService/internal/usecase/credentials_usecase.go:69.2,74.8 1 0
AuthService/internal/usecase/credentials_usecase.go:77.147,79.16 2 0
AuthService/internal/usecase/credentials_usecase.go:79.16,81.3 1 0
AuthService/internal/usecase/credentials_usecase.go:83.2,84.16 2 0
AuthService/internal/usecase/credentials_usecase.go:84.16,86.3 1 0
AuthService/internal/usecase/credentials_usecase.go:88.2,88.36 1 0
AuthService/internal/usecase/credentials_usecase.go:88.36,90.3 1 0
AuthService/internal/usecase/credentials_usecase.go:92.2,92.22 1 0
AuthService/internal/usecase/credentials_usecase.go:92.22,94.3 1 0
AuthService/internal/usecase/credentials_usecase.go:96.2,98.8 1 0
AuthService/internal/usecase/credentials_usecase.go:101.114,103.16 2 0
AuthService/internal/usecase/credentials_usecase.go:103.16,105.3 1 0
AuthService/internal/usecase/credentials_usecase.go:106.2,106.10 1 0
AuthService/internal/usecase/credentials_usecase.go:106.10,108.3 1 0
AuthService/internal/usecase/credentials_usecase.go:110.2,111.16 2 0
AuthService/internal/usecase/credentials_usecase.go:111.16,113.3 1 0
AuthService/internal/usecase/credentials_usecase.go:115.2,115.77 1 0
AuthService/internal/usecase/credentials_usecase.go:115.77,117.3 1 0
AuthService/internal/usecase/credentials_usecase.go:119.2,120.16 2 0
AuthService/internal/usecase/credentials_usecase.go:120.16,122.3 1 0
AuthService/internal/usecase/credentials_usecase.go:124.2,129.8 1 0
AuthService/internal/usecase/credentials_usecase.go:132.89,134.16 2 0
AuthService/internal/usecase/credentials_usecase.go:134.16,136.3 1 0
AuthService/internal/usecase/credentials_usecase.go:137.2,137.9 1 0
AuthService/internal/usecase/credentials_usecase.go:137.9,139.3 1 0
AuthService/internal/usecase/credentials_usecase.go:141.2,142.16 2 0
AuthService/internal/usecase/credentials_usecase.go:142.16,144.3 1 0
AuthService/internal/usecase/credentials_usecase.go:146.2,151.66 2 0
AuthService/internal/usecase/credentials_usecase.go:151.66,153.3 1 0
AuthService/internal/usecase/credentials_usecase.go:155.2,155.12 1 0
AuthService/internal/service/credentials_service.go:18.120,24.2 1 0
AuthService/internal/service/credentials_service.go:26.104,31.16 4 0
AuthService/internal/service/credentials_service.go:31.16,33.3 1 0
AuthService/internal/service/credentials_service.go:35.2,35.13 1 0
AuthService/internal/service/credentials_service.go:35.13,37.3 1 0
AuthService/internal/service/credentials_service.go:39.2,39.19 1 0
AuthService/internal/service/credentials_service.go:42.77,45.2 2 0
AuthService/internal/service/credentials_service.go:47.76,50.2 2 0
AuthService/internal/service/credentials_service.go:52.108,58.62 4 0
AuthService/internal/service/credentials_service.go:58.62,60.3 1 0
AuthService/internal/service/credentials_service.go:62.2,62.42 1 0
AuthService/internal/service/credentials_service.go:62.42,64.3 1 0
AuthService/internal/service/credentials_service.go:66.2,66.12 1 0
AuthService/internal/service/credentials_service.go:69.116,74.72 4 0
AuthService/internal/service/credentials_service.go:74.72,76.3 1 0
AuthService/internal/service/credentials_service.go:78.2,78.50 1 0
AuthService/internal/service/credentials_service.go:81.109,86.66 4 0
AuthService/internal/service/credentials_service.go:86.66,88.3 1 0
AuthService/internal/service/credentials_service.go:90.2,90.50 1 0
AuthService/internal/service/tokens_service.go:38.105,44.2 1 0
AuthService/internal/service/tokens_service.go:46.82,50.59 3 0
AuthService/internal/service/tokens_service.go:50.59,52.3 1 0
AuthService/internal/service/tokens_service.go:54.2,54.12 1 0
AuthService/internal/service/tokens_service.go:57.101,61.79 3 0
AuthService/internal/service/tokens_service.go:61.79,63.3 1 0
AuthService/internal/service/tokens_service.go:65.2,65.26 1 0
AuthService/internal/service/tokens_service.go:68.95,73.66 4 0
AuthService/internal/service/tokens_service.go:73.66,75.3 1 0
AuthService/internal/service/tokens_service.go:77.2,77.23 1 0
AuthService/internal/service/tokens_service.go:80.95,82.83 2 0
AuthService/internal/service/tokens_service.go:82.83,84.3 1 0
AuthService/internal/service/tokens_service.go:85.2,85.16 1 0
AuthService/internal/service/tokens_service.go:85.16,87.3 1 0
AuthService/internal/service/tokens_service.go:89.2,89.18 1 0
AuthService/internal/service/tokens_service.go:89.18,91.3 1 0
AuthService/internal/service/tokens_service.go:93.2,93.67 1 0
AuthService/internal/service/tokens_service.go:93.67,95.10 2 0
AuthService/internal/service/tokens_service.go:95.10,97.4 1 0
AuthService/internal/service/tokens_service.go:99.3,99.32 1 0
AuthService/internal/service/tokens_service.go:99.32,101.4 1 0
AuthService/internal/service/tokens_service.go:103.3,104.10 2 0
AuthService/internal/service/tokens_service.go:104.10,106.4 1 0
AuthService/internal/service/tokens_service.go:108.3,108.18 1 0
AuthService/internal/service/tokens_service.go:111.2,111.31 1 0
AuthService/internal/service/tokens_service.go:114.136,119.16 4 0
AuthService/internal/service/tokens_service.go:119.16,121.3 1 0
AuthService/internal/service/tokens_service.go:123.2,124.16 2 0
AuthService/internal/service/tokens_service.go:124.16,126.3 1 0
AuthService/internal/service/tokens_service.go:128.2,142.64 3 0
AuthService/internal/service/tokens_service.go:142.64,144.3 1 0
AuthService/internal/service/tokens_service.go:146.2,146.65 1 0
AuthService/internal/service/tokens_service.go:146.65,148.3 1 0
AuthService/internal/service/tokens_service.go:150.2,150.42 1 0
AuthService/internal/service/tokens_service.go:150.42,152.3 1 0
AuthService/internal/service/tokens_service.go:154.2,154.63 1 0
AuthService/internal/service/tokens_service.go:157.113,159.25 2 0
AuthService/internal/service/tokens_service.go:159.25,162.3 2 0
AuthService/internal/service/tokens_service.go:164.2,170.28 2 0
AuthService/internal/service/tokens_service.go:170.28,172.33 2 0
AuthService/internal/service/tokens_service.go:172.33,175.4 2 0
AuthService/internal/service/tokens_service.go:177.3,177.72 1 0
AuthService/internal/service/tokens_service.go:178.8,178.34 1 0
AuthService/internal/service/tokens_service.go:178.34,180.33 2 0
AuthService/internal/service/tokens_service.go:180.33,183.4 2 0
AuthService/internal/service/tokens_service.go:185.3,185.69 1 0
AuthService/internal/service/tokens_service.go:186.8,188.3 1 0
AuthService/internal/service/tokens_service.go:190.2,209.8 4 0
AuthService/internal/service/tokens_service.go:212.75,214.25 2 0
AuthService/internal/service/tokens_service.go:214.25,217.3 2 0
AuthService/internal/service/tokens_service.go:219.2,220.16 2 0
AuthService/internal/service/tokens_service.go:220.16,222.3 1 0
AuthService/internal/service/tokens_service.go:224.2,224.25 1 0
AuthService/pkg/api/v1/api.pb.go:32.33,37.2 4 0
AuthService/pkg/api/v1/api.pb.go:39.41,41.2 1 0
AuthService/pkg/api/v1/api.pb.go:43.39,43.40 0 0
AuthService/pkg/api/v1/api.pb.go:45.61,47.14 2 0
AuthService/pkg/api/v1/api.pb.go:47.14,49.34 2 0
AuthService/pkg/api/v1/api.pb.go:49.34,51.4 1 0
AuthService/pkg/api/v1/api.pb.go:52.3,52.12 1 0
AuthService/pkg/api/v1/api.pb.go:54.2,54.24 1 0
AuthService/pkg/api/v1/api.pb.go:58.52,60.2 1 0
AuthService/pkg/api/v1/api.pb.go:62.45,63.14 1 0
AuthService/pkg/api/v1/api.pb.go:63.14,65.3 1 0
AuthService/pkg/api/v1/api.pb.go:66.2,66.12 1 0
AuthService/pkg/api/v1/api.pb.go:77.40,82.2 4 0
AuthService/pkg/api/v1/api.pb.go:84.48,86.2 1 0
AuthService/pkg/api/v1/api.pb.go:88.46,88.47 0 0
AuthService/pkg/api/v1/api.pb.go:90.68,92.14 2 0
AuthService/pkg/api/v1/api.pb.go:92.14,94.34 2 0
AuthService/pkg/api/v1/api.pb.go:94.34,96.4 1 0
AuthService/pkg/api/v1/api.pb.go:97.3,97.12 1 0
AuthService/pkg/api/v1/api.pb.go:99.2,99.24 1 0
AuthService/pkg/api/v1/api.pb.go:103.59,105.2 1 0
AuthService/pkg/api/v1/api.pb.go:107.57,108.14 1 0
AuthService/pkg/api/v1/api.pb.go:108.14,110.3 1 0
AuthService/pkg/api/v1/api.pb.go:111.2,111.11 1 0
AuthService/pkg/api/v1/api.pb.go:122.41,127.2 4 0
AuthService/pkg/api/v1/api.pb.go:129.49,131.2 1 0
AuthService/pkg/api/v1/api.pb.go:133.47,133.48 0 0
AuthService/pkg/api/v1/api.pb.go:135.69,137.14 2 0
AuthService/pkg/api/v1/api.pb.go:137.14,139.34 2 0
AuthService/pkg/api/v1/api.pb.go:139.34,141.4 1 0
AuthService/pkg/api/v1/api.pb.go:142.3,142.12 1 0
AuthService/pkg/api/v1/api.pb.go:144.2,144.24 1 0
AuthService/pkg/api/v1/api.pb.go:148.60,150.2 1 0
AuthService/pkg/api/v1/api.pb.go:152.53,153.14 1 0
AuthService/pkg/api/v1/api.pb.go:153.14,155.3 1 0
AuthService/pkg/api/v1/api.pb.go:156.2,156.12 1 0
AuthService/pkg/api/v1/api.pb.go:167.44,172.2 4 0
AuthService/pkg/api/v1/api.pb.go:174.52,176.2 1 0
AuthService/pkg/api/v1/api.pb.go:178.50,178.51 0 0
AuthService/pkg/api/v1/api.pb.go:180.72,182.14 2 0
AuthService/pkg/api/v1/api.pb.go:182.14,184.34 2 0
AuthService/pkg/api/v1/api.pb.go:184.34,186.4 1 0
AuthService/pkg/api/v1/api.pb.go:187.3,187.12 1 0
AuthService/pkg/api/v1/api.pb.go:189.2,189.24 1 0
AuthService/pkg/api/v1/api.pb.go:193.63,195.2 1 0
AuthService/pkg/api/v1/api.pb.go:197.55,198.14 1 0
AuthService/pkg/api/v1/api.pb.go:198.14,200.3 1 0
AuthService/pkg/api/v1/api.pb.go:201.2,201.11 1 0
AuthService/pkg/api/v1/api.pb.go:212.45,217.2 4 0
AuthService/pkg/api/v1/api.pb.go:219.53,221.2 1 0
AuthService/pkg/api/v1/api.pb.go:223.51,223.52 0 0
AuthService/pkg/api/v1/api.pb.go:225.73,227.14 2 0
AuthService/pkg/api/v1/api.pb.go:227.14,229.34 2 0
AuthService/pkg/api/v1/api.pb.go:229.34,231.4 1 0
AuthService/pkg/api/v1/api.pb.go:232.3,232.12 1 0
AuthService/pkg/api/v1/api.pb.go:234.2,234.24 1 0
AuthService/pkg/api/v1/api.pb.go:238.64,240.2 1 0
AuthService/pkg/api/v1/api.pb.go:242.55,243.14 1 0
AuthService/pkg/api/v1/api.pb.go:243.14,245.3 1 0
AuthService/pkg/api/v1/api.pb.go:246.2,246.10 1 0
AuthService/pkg/api/v1/api.pb.go:258.31,263.2 4 0
AuthService/pkg/api/v1/api.pb.go:265.39,267.2 1 0
AuthService/pkg/api/v1/api.pb.go:269.37,269.38 0 0
AuthService/pkg/api/v1/api.pb.go:271.59,273.14 2 0
AuthService/pkg/api/v1/api.pb.go:273.14,275.34 2 0
AuthService/pkg/api/v1/api.pb.go:275.34,277.4 1 0
AuthService/pkg/api/v1/api.pb.go:278.3,278.12 1 0
AuthService/pkg/api/v1/api.pb.go:280.2,280.24 1 0
AuthService/pkg/api/v1/api.pb.go:284.50,286.2 1 0
AuthService/pkg/api/v1/api.pb.go:288.41,289.14 1 0
AuthService/pkg/api/v1/api.pb.go:289.14,291.3 1 0
AuthService/pkg/api/v1/api.pb.go:292.2,292.11 1 0
AuthService/pkg/api/v1/api.pb.go:295.44,296.14 1 0
AuthService/pkg/api/v1/api.pb.go:296.14,298.3 1 0
AuthService/pkg/api/v1/api.pb.go:299.2,299.11 1 0
AuthService/pkg/api/v1/api.pb.go:311.26,316.2 4 0
AuthService/pkg/api/v1/api.pb.go:318.34,320.2 1 0
AuthService/pkg/api/v1/api.pb.go:322.32,322.33 0 0
AuthService/pkg/api/v1/api.pb.go:324.54,326.14 2 0
AuthService/pkg/api/v1/api.pb.go:326.14,328.34 2 0
AuthService/pkg/api/v1/api.pb.go:328.34,330.4 1 0
AuthService/pkg/api/v1/api.pb.go:331.3,331.12 1 0
AuthService/pkg/api/v1/api.pb.go:333.2,333.24 1 0
AuthService/pkg/api/v1/api.pb.go:337.45,339.2 1 0
AuthService/pkg/api/v1/api.pb.go:341.37,342.14 1 0
AuthService/pkg/api/v1/api.pb.go:342.14,344.3 1 0
AuthService/pkg/api/v1/api.pb.go:345.2,345.11 1 0
AuthService/pkg/api/v1/api.pb.go:348.38,349.14 1 0
AuthService/pkg/api/v1/api.pb.go:349.14,351.3 1 0
AuthService/pkg/api/v1/api.pb.go:352.2,352.11 1 0
AuthService/pkg/api/v1/api.pb.go:363.33,368.2 4 0
AuthService/pkg/api/v1/api.pb.go:370.41,372.2 1 0
AuthService/pkg/api/v1/api.pb.go:374.39,374.40 0 0
AuthService/pkg/api/v1/api.pb.go:376.61,378.14 2 0
AuthService/pkg/api/v1/api.pb.go:378.14,380.34 2 0
AuthService/pkg/api/v1/api.pb.go:380.34,382.4 1 0
AuthService/pkg/api/v1/api.pb.go:383.3,383.12 1 0
AuthService/pkg/api/v1/api.pb.go:385.2,385.24 1 0
AuthService/pkg/api/v1/api.pb.go:389.52,391.2 1 0
AuthService/pkg/api/v1/api.pb.go:393.55,394.14 1 0
AuthService/pkg/api/v1/api.pb.go:394.14,396.3 1 0
AuthService/pkg/api/v1/api.pb.go:397.2,397.12 1 0
AuthService/pkg/api/v1/api.pb.go:408.33,413.2 4 0
AuthService/pkg/api/v1/api.pb.go:415.41,417.2 1 0
AuthService/pkg/api/v1/api.pb.go:419.39,419.40 0 0
AuthService/pkg/api/v1/api.pb.go:421.61,423.14 2 0
AuthService/pkg/api/v1/api.pb.go:423.14,425.34 2 0
AuthService/pkg/api/v1/api.pb.go:425.34,427.4 1 0
AuthService/pkg/api/v1/api.pb.go:428.3,428.12 1 0
AuthService/pkg/api/v1/api.pb.go:430.2,430.24 1 0
AuthService/pkg/api/v1/api.pb.go:434.52,436.2 1 0
AuthService/pkg/api/v1/api.pb.go:438.55,439.14 1 0
AuthService/pkg/api/v1/api.pb.go:439.14,441.3 1 0
AuthService/pkg/api/v1/api.pb.go:442.2,442.12 1 0
AuthService/pkg/api/v1/api.pb.go:453.34,458.2 4 0
AuthService/pkg/api/v1/api.pb.go:460.42,462.2 1 0
AuthService/pkg/api/v1/api.pb.go:464.40,464.41 0 0
AuthService/pkg/api/v1/api.pb.go:466.62,468.14 2 0
AuthService/pkg/api/v1/api.pb.go:468.14,470.34 2 0
AuthService/pkg/api/v1/api.pb.go:470.34,472.4 1 0
AuthService/pkg/api/v1/api.pb.go:473.3,473.12 1 0
AuthService/pkg/api/v1/api.pb.go:475.2,475.24 1 0
AuthService/pkg/api/v1/api.pb.go:479.53,481.2 1 0
AuthService/pkg/api/v1/api.pb.go:483.46,484.14 1 0
AuthService/pkg/api/v1/api.pb.go:484.14,486.3 1 0
AuthService/pkg/api/v1/api.pb.go:487.2,487.12 1 0
AuthService/pkg/api/v1/api.pb.go:564.49,565.46 1 0
AuthService/pkg/api/v1/api.pb.go:565.46,567.3 1 0
AuthService/pkg/api/v1/api.pb.go:568.2,568.42 1 0
AuthService/pkg/api/v1/api.pb.go:608.13,608.45 1 0
AuthService/pkg/api/v1/api.pb.go:609.35,610.34 1 0
AuthService/pkg/api/v1/api.pb.go:610.34,612.3 1 0
AuthService/pkg/api/v1/api.pb.go:613.2,630.37 6 0
AuthService/pkg/api/v1/api_grpc.pb.go:45.60,47.2 1 0
AuthService/pkg/api/v1/api_grpc.pb.go:49.118,53.16 4 0
AuthService/pkg/api/v1/api_grpc.pb.go:53.16,55.3 1 0
AuthService/pkg/api/v1/api_grpc.pb.go:56.2,56.17 1 0
AuthService/pkg/api/v1/api_grpc.pb.go:59.119,63.16 4 0
AuthService/pkg/api/v1/api_grpc.pb.go:63.16,65.3 1 0
AuthService/pkg/api/v1/api_grpc.pb.go:66.2,66.17 1 0
AuthService/pkg/api/v1/api_grpc.pb.go:69.152,73.16 4 0
AuthService/pkg/api/v1/api_grpc.pb.go:73.16,75.3 1 0
AuthService/pkg/api/v1/api_grpc.pb.go:76.2,76.17 1 0
AuthService/pkg/api/v1/api_grpc.pb.go:79.140,83.16 4 0
AuthService/pkg/api/v1/api_grpc.pb.go:83.16,85.3 1 0
AuthService/pkg/api/v1/api_grpc.pb.go:86.2,86.17 1 0
AuthService/pkg/api/v1/api_grpc.pb.go:89.118,93.16 4 0
AuthService/pkg/api/v1/api_grpc.pb.go:93.16,95.3 1 0
AuthService/pkg/api/v1/api_grpc.pb.go:96.2,96.17 1 0
AuthService/pkg/api/v1/api_grpc.pb.go:118.96,120.2 1 0
AuthService/pkg/api/v1/api_grpc.pb.go:121.97,123.2 1 0
AuthService/pkg/api/v1/api_grpc.pb.go:124.130,126.2 1 0
AuthService/pkg/api/v1/api_grpc.pb.go:127.118,129.2 1 0
AuthService/pkg/api/v1/api_grpc.pb.go:130.96,132.2 1 0
AuthService/pkg/api/v1/api_grpc.pb.go:133.68,133.69 0 0
AuthService/pkg/api/v1/api_grpc.pb.go:134.68,134.69 0 0
AuthService/pkg/api/v1/api_grpc.pb.go:143.66,148.59 1 0
AuthService/pkg/api/v1/api_grpc.pb.go:148.59,150.3 1 0
AuthService/pkg/api/v1/api_grpc.pb.go:151.2,151.43 1 0
AuthService/pkg/api/v1/api_grpc.pb.go:154.156,156.32 2 0
AuthService/pkg/api/v1/api_grpc.pb.go:156.32,158.3 1 0
AuthService/pkg/api/v1/api_grpc.pb.go:159.2,159.24 1 0
AuthService/pkg/api/v1/api_grpc.pb.go:159.24,161.3 1 0
AuthService/pkg/api/v1/api_grpc.pb.go:162.2,166.77 2 0
AuthService/pkg/api/v1/api_grpc.pb.go:166.77,168.3 1 0
AuthService/pkg/api/v1/api_grpc.pb.go:169.2,169.44 1 0
AuthService/pkg/api/v1/api_grpc.pb.go:172.156,174.32 2 0
AuthService/pkg/api/v1/api_grpc.pb.go:174.32,176.3 1 0
AuthService/pkg/api/v1/api_grpc.pb.go:177.2,177.24 1 0
AuthService/pkg/api/v1/api_grpc.pb.go:177.24,179.3 1 0
AuthService/pkg/api/v1/api_grpc.pb.go:180.2,184.77 2 0
AuthService/pkg/api/v1/api_grpc.pb.go:184.77,186.3 1 0
AuthService/pkg/api/v1/api_grpc.pb.go:187.2,187.44 1 0
AuthService/pkg/api/v1/api_grpc.pb.go:190.167,192.32 2 0
AuthService/pkg/api/v1/api_grpc.pb.go:192.32,194.3 1 0
AuthService/pkg/api/v1/api_grpc.pb.go:195.2,195.24 1 0
AuthService/pkg/api/v1/api_grpc.pb.go:195.24,197.3 1 0
AuthService/pkg/api/v1/api_grpc.pb.go:198.2,202.77 2 0
AuthService/pkg/api/v1/api_grpc.pb.go:202.77,204.3 1 0
AuthService/pkg/api/v1/api_grpc.pb.go:205.2,205.44 1 0
AuthService/pkg/api/v1/api_grpc.pb.go:208.163,210.32 2 0
AuthService/pkg/api/v1/api_grpc.pb.go:210.32,212.3 1 0
AuthService/pkg/api/v1/api_grpc.pb.go:213.2,213.24 1 0
AuthService/pkg/api/v1/api_grpc.pb.go:213.24,215.3 1 0
AuthService/pkg/api/v1/api_grpc.pb.go:216.2,220.77 2 0
AuthService/pkg/api/v1/api_grpc.pb.go:220.77,222.3 1 0
AuthService/pkg/api/v1/api_grpc.pb.go:223.2,223.44 1 0
AuthService/pkg/api/v1/api_grpc.pb.go:226.156,228.32 2 0
AuthService/pkg/api/v1/api_grpc.pb.go:228.32,230.3 1 0
AuthService/pkg/api/v1/api_grpc.pb.go:231.2,231.24 1 0
AuthService/pkg/api/v1/api_grpc.pb.go:231.24,233.3 1 0
AuthService/pkg/api/v1/api_grpc.pb.go:234.2,238.77 2 0
AuthService/pkg/api/v1/api_grpc.pb.go:238.77,240.3 1 0
AuthService/pkg/api/v1/api_grpc.pb.go:241.2,241.44 1 0
